<?xml version="1.0" encoding="UTF-8"?>
<!-- Generated by org.testng.reporters.JUnitReportReporter -->
<testsuite hostname="H0001N5119B59Y" failures="0" tests="8" name="imronTest.TokopediaProject.BaseTest" time="3.259" errors="0" timestamp="2022-08-18T02:01:22 WIB" skipped="0">
  <testcase classname="imronTest.TokopediaProject.BaseTest" name="loginToSite" time="0.552"/>
  <system-out/>
  <testcase classname="imronTest.TokopediaProject.BaseTest" name="verifyLoggedIn" time="0.056"/>
  <system-out/>
  <testcase classname="imronTest.TokopediaProject.BaseTest" name="sortTheProductByHighestPrice" time="0.595"/>
  <system-out/>
  <testcase classname="imronTest.TokopediaProject.BaseTest" name="verifySortingResultByHighestPrice" time="0.138"/>
  <system-out/>
  <testcase classname="imronTest.TokopediaProject.BaseTest" name="selectAndVerifyFirstResult" time="0.338"/>
  <system-out/>
  <testcase classname="imronTest.TokopediaProject.BaseTest" name="buySelectedProductAndVerify" time="0.598"/>
  <system-out/>
  <testcase classname="imronTest.TokopediaProject.BaseTest" name="checkOutAndEnterRequired" time="0.561"/>
  <system-out/>
  <testcase classname="imronTest.TokopediaProject.BaseTest" name="verifyTheOrderStatus" time="0.421"/>
  <system-out/>
</testsuite> <!-- imronTest.TokopediaProject.BaseTest -->
